<?xml version="1.0" encoding="UTF-8"?>
<testng-results ignored="0" total="3" passed="3" failed="0" skipped="0">
  <reporter-output>
  </reporter-output>
  <suite started-at="2024-08-16T15:32:14 IST" name="Default suite" finished-at="2024-08-16T15:32:15 IST" duration-ms="1087">
    <groups>
    </groups>
    <test started-at="2024-08-16T15:32:14 IST" name="Default test" finished-at="2024-08-16T15:32:15 IST" duration-ms="1087">
      <class name="demotest.DataTT">
        <test-method signature="ff([Ljava.lang.String;)[pri:0, instance:demotest.DataTT@41a0aa7d]" started-at="2024-08-16T15:32:15 IST" name="ff" data-provider="dp" finished-at="2024-08-16T15:32:15 IST" duration-ms="9" status="PASS">
          <params>
            <param index="0">
              <value>
                <![CDATA[[Ljava.lang.String;@4102b1b1]]>
              </value>
            </param>
          </params>
          <reporter-output>
          </reporter-output>
        </test-method> <!-- ff -->
        <test-method signature="ff([Ljava.lang.String;)[pri:0, instance:demotest.DataTT@41a0aa7d]" started-at="2024-08-16T15:32:15 IST" name="ff" data-provider="dp" finished-at="2024-08-16T15:32:15 IST" duration-ms="1" status="PASS">
          <params>
            <param index="0">
              <value>
                <![CDATA[[Ljava.lang.String;@11ee02f8]]>
              </value>
            </param>
          </params>
          <reporter-output>
          </reporter-output>
        </test-method> <!-- ff -->
        <test-method signature="ff([Ljava.lang.String;)[pri:0, instance:demotest.DataTT@41a0aa7d]" started-at="2024-08-16T15:32:15 IST" name="ff" data-provider="dp" finished-at="2024-08-16T15:32:15 IST" duration-ms="1" status="PASS">
          <params>
            <param index="0">
              <value>
                <![CDATA[[Ljava.lang.String;@61a5b4ae]]>
              </value>
            </param>
          </params>
          <reporter-output>
          </reporter-output>
        </test-method> <!-- ff -->
      </class> <!-- demotest.DataTT -->
    </test> <!-- Default test -->
  </suite> <!-- Default suite -->
</testng-results>
